23:02:17.834 [background-preinit] INFO  o.h.v.i.util.Version - [<clinit>,21] - HV000001: Hibernate Validator 6.1.6.Final
23:02:17.834 [restartedMain] INFO  c.r.c.CinemaManagerApplication - [logStarting,55] - Starting CinemaManagerApplication using Java 22.0.2 on DESKTOP-3A8SKTJ with PID 30644 (D:\whisper\cinema\CinemaManagerApi - idea\target\classes started by YE in D:\whisper\cinema)
23:02:17.840 [restartedMain] INFO  c.r.c.CinemaManagerApplication - [logStartupProfileInfo,660] - No active profile set, falling back to default profiles: default
23:02:19.125 [restartedMain] INFO  o.a.c.h.Http11NioProtocol - [log,173] - Initializing ProtocolHandler ["http-nio-9231"]
23:02:19.125 [restartedMain] INFO  o.a.c.c.StandardService - [log,173] - Starting service [Tomcat]
23:02:19.125 [restartedMain] INFO  o.a.c.c.StandardEngine - [log,173] - Starting Servlet engine: [Apache Tomcat/9.0.39]
23:02:19.194 [restartedMain] INFO  o.a.c.c.C.[.[.[/] - [log,173] - Initializing Spring embedded WebApplicationContext
23:02:19.645 [restartedMain] INFO  s.d.s.w.PropertySourcedRequestMappingHandlerMapping - [initHandlerMethods,69] - Mapped URL path [/v2/api-docs] onto method [springfox.documentation.swagger2.web.Swagger2Controller#getDocumentation(String, HttpServletRequest)]
23:02:19.700 [restartedMain] INFO  c.a.d.p.DruidDataSource - [init,985] - {dataSource-1} inited
23:02:20.375 [restartedMain] INFO  o.q.i.StdSchedulerFactory - [instantiate,1220] - Using default implementation for ThreadExecutor
23:02:20.384 [restartedMain] INFO  o.q.c.SchedulerSignalerImpl - [<init>,61] - Initialized Scheduler Signaller of type: class org.quartz.core.SchedulerSignalerImpl
23:02:20.384 [restartedMain] INFO  o.q.c.QuartzScheduler - [<init>,229] - Quartz Scheduler v.2.3.2 created.
23:02:20.384 [restartedMain] INFO  o.q.s.RAMJobStore - [initialize,155] - RAMJobStore initialized.
23:02:20.384 [restartedMain] INFO  o.q.c.QuartzScheduler - [initialize,294] - Scheduler meta-data: Quartz Scheduler (v2.3.2) 'quartzScheduler' with instanceId 'NON_CLUSTERED'
  Scheduler class: 'org.quartz.core.QuartzScheduler' - running locally.
  NOT STARTED.
  Currently in standby mode.
  Number of jobs executed: 0
  Using thread pool 'org.quartz.simpl.SimpleThreadPool' - with 10 threads.
  Using job-store 'org.quartz.simpl.RAMJobStore' - which does not support persistence. and is not clustered.

23:02:20.384 [restartedMain] INFO  o.q.i.StdSchedulerFactory - [instantiate,1374] - Quartz scheduler 'quartzScheduler' initialized from an externally provided properties instance.
23:02:20.384 [restartedMain] INFO  o.q.i.StdSchedulerFactory - [instantiate,1378] - Quartz scheduler version: 2.3.2
23:02:20.384 [restartedMain] INFO  o.q.c.QuartzScheduler - [setJobFactory,2293] - JobFactory set to: org.springframework.scheduling.quartz.SpringBeanJobFactory@62aafef2
23:02:20.424 [restartedMain] INFO  o.a.c.h.Http11NioProtocol - [log,173] - Starting ProtocolHandler ["http-nio-9231"]
23:02:20.434 [restartedMain] INFO  s.d.s.w.p.DocumentationPluginsBootstrapper - [start,160] - Context refreshed
23:02:20.445 [restartedMain] INFO  s.d.s.w.p.DocumentationPluginsBootstrapper - [start,163] - Found 1 custom documentation plugin(s)
23:02:20.474 [restartedMain] INFO  s.d.s.w.s.ApiListingReferenceScanner - [scan,41] - Scanning for api listing references
23:02:20.579 [restartedMain] INFO  s.d.s.w.r.o.CachingOperationNameGenerator - [startingWith,40] - Generating unique operation named: findCinemaByIdUsingGET_1
23:02:20.624 [restartedMain] INFO  o.q.c.QuartzScheduler - [start,547] - Scheduler quartzScheduler_$_NON_CLUSTERED started.
23:02:20.630 [restartedMain] INFO  c.r.c.CinemaManagerApplication - [logStarted,61] - Started CinemaManagerApplication in 3.086 seconds (JVM running for 4.168)
23:03:29.885 [http-nio-9231-exec-3] INFO  o.a.c.c.C.[.[.[/] - [log,173] - Initializing Spring DispatcherServlet 'dispatcherServlet'
23:14:40.206 [SpringContextShutdownHook] INFO  o.q.c.QuartzScheduler - [standby,585] - Scheduler quartzScheduler_$_NON_CLUSTERED paused.
23:14:40.278 [SpringContextShutdownHook] INFO  o.q.c.QuartzScheduler - [shutdown,666] - Scheduler quartzScheduler_$_NON_CLUSTERED shutting down.
23:14:40.278 [SpringContextShutdownHook] INFO  o.q.c.QuartzScheduler - [standby,585] - Scheduler quartzScheduler_$_NON_CLUSTERED paused.
23:14:40.278 [SpringContextShutdownHook] INFO  o.q.c.QuartzScheduler - [shutdown,740] - Scheduler quartzScheduler_$_NON_CLUSTERED shutdown complete.
23:14:40.278 [SpringContextShutdownHook] INFO  c.a.d.p.DruidDataSource - [close,2032] - {dataSource-1} closing ...
23:14:40.285 [SpringContextShutdownHook] INFO  c.a.d.p.DruidDataSource - [close,2104] - {dataSource-1} closed
