12:44:48.780 [background-preinit] INFO  o.h.v.i.util.Version - [<clinit>,21] - HV000001: Hibernate Validator 6.1.6.Final
12:44:48.790 [restartedMain] INFO  c.r.c.CinemaManagerApplication - [logStarting,55] - Starting CinemaManagerApplication using Java 22.0.2 on DESKTOP-3A8SKTJ with PID 29760 (D:\whisper\cinema\CinemaManagerApi - idea\target\classes started by YE in D:\whisper\cinema)
12:44:48.790 [restartedMain] INFO  c.r.c.CinemaManagerApplication - [logStartupProfileInfo,660] - No active profile set, falling back to default profiles: default
12:44:49.985 [restartedMain] INFO  o.a.c.h.Http11NioProtocol - [log,173] - Initializing ProtocolHandler ["http-nio-9231"]
12:44:49.985 [restartedMain] INFO  o.a.c.c.StandardService - [log,173] - Starting service [Tomcat]
12:44:49.985 [restartedMain] INFO  o.a.c.c.StandardEngine - [log,173] - Starting Servlet engine: [Apache Tomcat/9.0.39]
12:44:50.048 [restartedMain] INFO  o.a.c.c.C.[.[.[/] - [log,173] - Initializing Spring embedded WebApplicationContext
12:44:50.449 [restartedMain] INFO  s.d.s.w.PropertySourcedRequestMappingHandlerMapping - [initHandlerMethods,69] - Mapped URL path [/v2/api-docs] onto method [springfox.documentation.swagger2.web.Swagger2Controller#getDocumentation(String, HttpServletRequest)]
12:44:50.496 [restartedMain] INFO  c.a.d.p.DruidDataSource - [init,985] - {dataSource-1} inited
12:44:51.077 [restartedMain] INFO  o.q.i.StdSchedulerFactory - [instantiate,1220] - Using default implementation for ThreadExecutor
12:44:51.093 [restartedMain] INFO  o.q.c.SchedulerSignalerImpl - [<init>,61] - Initialized Scheduler Signaller of type: class org.quartz.core.SchedulerSignalerImpl
12:44:51.093 [restartedMain] INFO  o.q.c.QuartzScheduler - [<init>,229] - Quartz Scheduler v.2.3.2 created.
12:44:51.093 [restartedMain] INFO  o.q.s.RAMJobStore - [initialize,155] - RAMJobStore initialized.
12:44:51.093 [restartedMain] INFO  o.q.c.QuartzScheduler - [initialize,294] - Scheduler meta-data: Quartz Scheduler (v2.3.2) 'quartzScheduler' with instanceId 'NON_CLUSTERED'
  Scheduler class: 'org.quartz.core.QuartzScheduler' - running locally.
  NOT STARTED.
  Currently in standby mode.
  Number of jobs executed: 0
  Using thread pool 'org.quartz.simpl.SimpleThreadPool' - with 10 threads.
  Using job-store 'org.quartz.simpl.RAMJobStore' - which does not support persistence. and is not clustered.

12:44:51.093 [restartedMain] INFO  o.q.i.StdSchedulerFactory - [instantiate,1374] - Quartz scheduler 'quartzScheduler' initialized from an externally provided properties instance.
12:44:51.093 [restartedMain] INFO  o.q.i.StdSchedulerFactory - [instantiate,1378] - Quartz scheduler version: 2.3.2
12:44:51.093 [restartedMain] INFO  o.q.c.QuartzScheduler - [setJobFactory,2293] - JobFactory set to: org.springframework.scheduling.quartz.SpringBeanJobFactory@e86f6df
12:44:51.139 [restartedMain] INFO  o.a.c.h.Http11NioProtocol - [log,173] - Starting ProtocolHandler ["http-nio-9231"]
12:44:51.155 [restartedMain] INFO  s.d.s.w.p.DocumentationPluginsBootstrapper - [start,160] - Context refreshed
12:44:51.155 [restartedMain] INFO  s.d.s.w.p.DocumentationPluginsBootstrapper - [start,163] - Found 1 custom documentation plugin(s)
12:44:51.186 [restartedMain] INFO  s.d.s.w.s.ApiListingReferenceScanner - [scan,41] - Scanning for api listing references
12:44:51.296 [restartedMain] INFO  s.d.s.w.r.o.CachingOperationNameGenerator - [startingWith,40] - Generating unique operation named: findCinemaByIdUsingGET_1
12:44:51.327 [restartedMain] INFO  o.q.c.QuartzScheduler - [start,547] - Scheduler quartzScheduler_$_NON_CLUSTERED started.
12:44:51.342 [restartedMain] INFO  c.r.c.CinemaManagerApplication - [logStarted,61] - Started CinemaManagerApplication in 2.781 seconds (JVM running for 3.593)
12:52:12.113 [http-nio-9231-exec-1] INFO  o.a.c.c.C.[.[.[/] - [log,173] - Initializing Spring DispatcherServlet 'dispatcherServlet'
13:44:29.239 [http-nio-9231-exec-2] INFO  c.r.c.c.u.JwtUtil - [verify,41] - 登录验证成功!
13:44:29.239 [http-nio-9231-exec-9] INFO  c.r.c.c.u.JwtUtil - [verify,41] - 登录验证成功!
13:44:34.744 [http-nio-9231-exec-3] INFO  c.r.c.c.u.JwtUtil - [verify,41] - 登录验证成功!
13:44:49.822 [http-nio-9231-exec-1] INFO  c.r.c.c.u.JwtUtil - [verify,41] - 登录验证成功!
13:44:53.475 [http-nio-9231-exec-9] INFO  c.r.c.c.u.JwtUtil - [verify,41] - 登录验证成功!
13:44:53.475 [http-nio-9231-exec-2] INFO  c.r.c.c.u.JwtUtil - [verify,41] - 登录验证成功!
13:46:09.589 [http-nio-9231-exec-10] INFO  c.r.c.c.u.JwtUtil - [verify,41] - 登录验证成功!
13:46:10.724 [http-nio-9231-exec-8] INFO  c.r.c.c.u.JwtUtil - [verify,41] - 登录验证成功!
13:46:10.725 [http-nio-9231-exec-5] INFO  c.r.c.c.u.JwtUtil - [verify,41] - 登录验证成功!
13:46:11.743 [http-nio-9231-exec-2] INFO  c.r.c.c.u.JwtUtil - [verify,41] - 登录验证成功!
13:46:15.731 [http-nio-9231-exec-7] INFO  c.r.c.c.u.JwtUtil - [verify,41] - 登录验证成功!
13:46:16.499 [http-nio-9231-exec-10] INFO  c.r.c.c.u.JwtUtil - [verify,41] - 登录验证成功!
13:46:18.890 [http-nio-9231-exec-6] INFO  c.r.c.c.u.JwtUtil - [verify,41] - 登录验证成功!
13:51:48.065 [http-nio-9231-exec-3] INFO  c.r.c.c.u.JwtUtil - [verify,41] - 登录验证成功!
13:51:51.032 [http-nio-9231-exec-10] INFO  c.r.c.c.u.JwtUtil - [verify,41] - 登录验证成功!
13:53:09.320 [http-nio-9231-exec-7] INFO  c.r.c.c.u.JwtUtil - [verify,41] - 登录验证成功!
13:53:09.321 [http-nio-9231-exec-3] INFO  c.r.c.c.u.JwtUtil - [verify,41] - 登录验证成功!
13:53:11.266 [http-nio-9231-exec-10] INFO  c.r.c.c.u.JwtUtil - [verify,41] - 登录验证成功!
13:53:12.980 [http-nio-9231-exec-6] INFO  c.r.c.c.u.JwtUtil - [verify,41] - 登录验证成功!
13:53:15.032 [http-nio-9231-exec-8] INFO  c.r.c.c.u.JwtUtil - [verify,41] - 登录验证成功!
14:36:40.331 [http-nio-9231-exec-4] INFO  c.r.c.c.u.JwtUtil - [verify,41] - 登录验证成功!
14:36:43.069 [http-nio-9231-exec-5] INFO  c.r.c.c.u.JwtUtil - [verify,41] - 登录验证成功!
14:36:43.703 [http-nio-9231-exec-2] INFO  c.r.c.c.u.JwtUtil - [verify,41] - 登录验证成功!
14:36:44.279 [http-nio-9231-exec-3] INFO  c.r.c.c.u.JwtUtil - [verify,41] - 登录验证成功!
14:36:44.579 [http-nio-9231-exec-9] INFO  c.r.c.c.u.JwtUtil - [verify,41] - 登录验证成功!
14:36:44.902 [http-nio-9231-exec-7] INFO  c.r.c.c.u.JwtUtil - [verify,41] - 登录验证成功!
14:36:46.336 [http-nio-9231-exec-10] INFO  c.r.c.c.u.JwtUtil - [verify,41] - 登录验证成功!
14:36:46.589 [http-nio-9231-exec-8] INFO  c.r.c.c.u.JwtUtil - [verify,41] - 登录验证成功!
14:36:48.995 [http-nio-9231-exec-4] INFO  c.r.c.c.u.JwtUtil - [verify,41] - 登录验证成功!
15:38:58.503 [http-nio-9231-exec-6] INFO  c.r.c.c.u.JwtUtil - [verify,41] - 登录验证成功!
15:38:59.943 [http-nio-9231-exec-8] INFO  c.r.c.c.u.JwtUtil - [verify,41] - 登录验证成功!
15:39:37.966 [SpringContextShutdownHook] INFO  o.q.c.QuartzScheduler - [standby,585] - Scheduler quartzScheduler_$_NON_CLUSTERED paused.
15:39:38.022 [SpringContextShutdownHook] INFO  o.q.c.QuartzScheduler - [shutdown,666] - Scheduler quartzScheduler_$_NON_CLUSTERED shutting down.
15:39:38.022 [SpringContextShutdownHook] INFO  o.q.c.QuartzScheduler - [standby,585] - Scheduler quartzScheduler_$_NON_CLUSTERED paused.
15:39:38.022 [SpringContextShutdownHook] INFO  o.q.c.QuartzScheduler - [shutdown,740] - Scheduler quartzScheduler_$_NON_CLUSTERED shutdown complete.
15:39:38.026 [SpringContextShutdownHook] INFO  c.a.d.p.DruidDataSource - [close,2032] - {dataSource-1} closing ...
15:39:38.030 [SpringContextShutdownHook] INFO  c.a.d.p.DruidDataSource - [close,2104] - {dataSource-1} closed
