13:55:09.452 [background-preinit] INFO  o.h.v.i.util.Version - [<clinit>,21] - HV000001: Hibernate Validator 6.1.6.Final
13:55:09.459 [restartedMain] INFO  c.r.c.CinemaManagerApplication - [logStarting,55] - Starting CinemaManagerApplication using Java 22.0.2 on DESKTOP-3A8SKTJ with PID 25732 (D:\whisper\cinema\CinemaManagerApi - idea\target\classes started by YE in D:\whisper\cinema)
13:55:09.460 [restartedMain] INFO  c.r.c.CinemaManagerApplication - [logStartupProfileInfo,660] - No active profile set, falling back to default profiles: default
13:55:10.813 [restartedMain] INFO  o.a.c.h.Http11NioProtocol - [log,173] - Initializing ProtocolHandler ["http-nio-9231"]
13:55:10.813 [restartedMain] INFO  o.a.c.c.StandardService - [log,173] - Starting service [Tomcat]
13:55:10.813 [restartedMain] INFO  o.a.c.c.StandardEngine - [log,173] - Starting Servlet engine: [Apache Tomcat/9.0.39]
13:55:10.873 [restartedMain] INFO  o.a.c.c.C.[.[.[/] - [log,173] - Initializing Spring embedded WebApplicationContext
13:55:11.301 [restartedMain] INFO  s.d.s.w.PropertySourcedRequestMappingHandlerMapping - [initHandlerMethods,69] - Mapped URL path [/v2/api-docs] onto method [springfox.documentation.swagger2.web.Swagger2Controller#getDocumentation(String, HttpServletRequest)]
13:55:11.347 [restartedMain] INFO  c.a.d.p.DruidDataSource - [init,985] - {dataSource-1} inited
13:55:11.961 [restartedMain] INFO  o.q.i.StdSchedulerFactory - [instantiate,1220] - Using default implementation for ThreadExecutor
13:55:11.966 [restartedMain] INFO  o.q.c.SchedulerSignalerImpl - [<init>,61] - Initialized Scheduler Signaller of type: class org.quartz.core.SchedulerSignalerImpl
13:55:11.966 [restartedMain] INFO  o.q.c.QuartzScheduler - [<init>,229] - Quartz Scheduler v.2.3.2 created.
13:55:11.966 [restartedMain] INFO  o.q.s.RAMJobStore - [initialize,155] - RAMJobStore initialized.
13:55:11.967 [restartedMain] INFO  o.q.c.QuartzScheduler - [initialize,294] - Scheduler meta-data: Quartz Scheduler (v2.3.2) 'quartzScheduler' with instanceId 'NON_CLUSTERED'
  Scheduler class: 'org.quartz.core.QuartzScheduler' - running locally.
  NOT STARTED.
  Currently in standby mode.
  Number of jobs executed: 0
  Using thread pool 'org.quartz.simpl.SimpleThreadPool' - with 10 threads.
  Using job-store 'org.quartz.simpl.RAMJobStore' - which does not support persistence. and is not clustered.

13:55:11.967 [restartedMain] INFO  o.q.i.StdSchedulerFactory - [instantiate,1374] - Quartz scheduler 'quartzScheduler' initialized from an externally provided properties instance.
13:55:11.967 [restartedMain] INFO  o.q.i.StdSchedulerFactory - [instantiate,1378] - Quartz scheduler version: 2.3.2
13:55:11.967 [restartedMain] INFO  o.q.c.QuartzScheduler - [setJobFactory,2293] - JobFactory set to: org.springframework.scheduling.quartz.SpringBeanJobFactory@3277de77
13:55:12.011 [restartedMain] INFO  o.a.c.h.Http11NioProtocol - [log,173] - Starting ProtocolHandler ["http-nio-9231"]
13:55:12.024 [restartedMain] INFO  s.d.s.w.p.DocumentationPluginsBootstrapper - [start,160] - Context refreshed
13:55:12.035 [restartedMain] INFO  s.d.s.w.p.DocumentationPluginsBootstrapper - [start,163] - Found 1 custom documentation plugin(s)
13:55:12.057 [restartedMain] INFO  s.d.s.w.s.ApiListingReferenceScanner - [scan,41] - Scanning for api listing references
13:55:12.167 [restartedMain] INFO  s.d.s.w.r.o.CachingOperationNameGenerator - [startingWith,40] - Generating unique operation named: findCinemaByIdUsingGET_1
13:55:12.210 [restartedMain] INFO  o.q.c.QuartzScheduler - [start,547] - Scheduler quartzScheduler_$_NON_CLUSTERED started.
13:55:12.216 [restartedMain] INFO  c.r.c.CinemaManagerApplication - [logStarted,61] - Started CinemaManagerApplication in 3.025 seconds (JVM running for 3.923)
13:58:41.692 [http-nio-9231-exec-1] INFO  o.a.c.c.C.[.[.[/] - [log,173] - Initializing Spring DispatcherServlet 'dispatcherServlet'
14:19:31.922 [http-nio-9231-exec-6] INFO  c.r.c.c.u.JwtUtil - [verify,41] - 登录验证成功!
14:19:36.215 [http-nio-9231-exec-2] INFO  c.r.c.c.u.JwtUtil - [verify,41] - 登录验证成功!
14:19:36.243 [http-nio-9231-exec-4] INFO  c.r.c.c.u.JwtUtil - [verify,41] - 登录验证成功!
14:19:44.120 [http-nio-9231-exec-8] INFO  c.r.c.c.u.JwtUtil - [verify,41] - 登录验证成功!
14:19:45.211 [http-nio-9231-exec-10] INFO  c.r.c.c.u.JwtUtil - [verify,41] - 登录验证成功!
14:23:54.496 [http-nio-9231-exec-7] INFO  c.r.c.c.u.JwtUtil - [verify,41] - 登录验证成功!
14:23:54.497 [http-nio-9231-exec-2] INFO  c.r.c.c.u.JwtUtil - [verify,41] - 登录验证成功!
14:23:56.978 [http-nio-9231-exec-5] INFO  c.r.c.c.u.JwtUtil - [verify,41] - 登录验证成功!
14:24:02.493 [http-nio-9231-exec-1] INFO  c.r.c.c.u.JwtUtil - [verify,41] - 登录验证成功!
14:24:03.745 [http-nio-9231-exec-6] INFO  c.r.c.c.u.JwtUtil - [verify,41] - 登录验证成功!
14:24:08.454 [http-nio-9231-exec-2] INFO  c.r.c.c.u.JwtUtil - [verify,41] - 登录验证成功!
14:24:46.585 [http-nio-9231-exec-8] INFO  c.r.c.c.u.JwtUtil - [verify,41] - 登录验证成功!
14:24:46.585 [http-nio-9231-exec-9] INFO  c.r.c.c.u.JwtUtil - [verify,41] - 登录验证成功!
14:24:53.071 [http-nio-9231-exec-1] INFO  c.r.c.c.u.JwtUtil - [verify,41] - 登录验证成功!
14:25:35.138 [http-nio-9231-exec-5] INFO  c.r.c.c.u.JwtUtil - [verify,41] - 登录验证成功!
14:25:35.138 [http-nio-9231-exec-4] INFO  c.r.c.c.u.JwtUtil - [verify,41] - 登录验证成功!
15:46:41.854 [SpringContextShutdownHook] INFO  o.q.c.QuartzScheduler - [standby,585] - Scheduler quartzScheduler_$_NON_CLUSTERED paused.
15:46:41.911 [SpringContextShutdownHook] INFO  o.q.c.QuartzScheduler - [shutdown,666] - Scheduler quartzScheduler_$_NON_CLUSTERED shutting down.
15:46:41.911 [SpringContextShutdownHook] INFO  o.q.c.QuartzScheduler - [standby,585] - Scheduler quartzScheduler_$_NON_CLUSTERED paused.
15:46:41.911 [SpringContextShutdownHook] INFO  o.q.c.QuartzScheduler - [shutdown,740] - Scheduler quartzScheduler_$_NON_CLUSTERED shutdown complete.
15:46:41.914 [SpringContextShutdownHook] INFO  c.a.d.p.DruidDataSource - [close,2032] - {dataSource-1} closing ...
15:46:41.917 [SpringContextShutdownHook] INFO  c.a.d.p.DruidDataSource - [close,2104] - {dataSource-1} closed
