13:31:05.216 [background-preinit] INFO  o.h.v.i.util.Version - [<clinit>,21] - HV000001: Hibernate Validator 6.1.6.Final
13:31:05.221 [restartedMain] INFO  c.r.c.CinemaManagerApplication - [logStarting,55] - Starting CinemaManagerApplication using Java 22.0.2 on DESKTOP-3A8SKTJ with PID 55640 (D:\whisper\cinema\CinemaManagerApi - idea\target\classes started by YE in D:\whisper\cinema)
13:31:05.223 [restartedMain] INFO  c.r.c.CinemaManagerApplication - [logStartupProfileInfo,660] - No active profile set, falling back to default profiles: default
13:31:06.407 [restartedMain] INFO  o.a.c.h.Http11NioProtocol - [log,173] - Initializing ProtocolHandler ["http-nio-9231"]
13:31:06.407 [restartedMain] INFO  o.a.c.c.StandardService - [log,173] - Starting service [Tomcat]
13:31:06.407 [restartedMain] INFO  o.a.c.c.StandardEngine - [log,173] - Starting Servlet engine: [Apache Tomcat/9.0.39]
13:31:06.470 [restartedMain] INFO  o.a.c.c.C.[.[.[/] - [log,173] - Initializing Spring embedded WebApplicationContext
13:31:06.859 [restartedMain] INFO  s.d.s.w.PropertySourcedRequestMappingHandlerMapping - [initHandlerMethods,69] - Mapped URL path [/v2/api-docs] onto method [springfox.documentation.swagger2.web.Swagger2Controller#getDocumentation(String, HttpServletRequest)]
13:31:06.922 [restartedMain] INFO  c.a.d.p.DruidDataSource - [init,985] - {dataSource-1} inited
13:31:07.501 [restartedMain] INFO  o.q.i.StdSchedulerFactory - [instantiate,1220] - Using default implementation for ThreadExecutor
13:31:07.516 [restartedMain] INFO  o.q.c.SchedulerSignalerImpl - [<init>,61] - Initialized Scheduler Signaller of type: class org.quartz.core.SchedulerSignalerImpl
13:31:07.516 [restartedMain] INFO  o.q.c.QuartzScheduler - [<init>,229] - Quartz Scheduler v.2.3.2 created.
13:31:07.516 [restartedMain] INFO  o.q.s.RAMJobStore - [initialize,155] - RAMJobStore initialized.
13:31:07.516 [restartedMain] INFO  o.q.c.QuartzScheduler - [initialize,294] - Scheduler meta-data: Quartz Scheduler (v2.3.2) 'quartzScheduler' with instanceId 'NON_CLUSTERED'
  Scheduler class: 'org.quartz.core.QuartzScheduler' - running locally.
  NOT STARTED.
  Currently in standby mode.
  Number of jobs executed: 0
  Using thread pool 'org.quartz.simpl.SimpleThreadPool' - with 10 threads.
  Using job-store 'org.quartz.simpl.RAMJobStore' - which does not support persistence. and is not clustered.

13:31:07.516 [restartedMain] INFO  o.q.i.StdSchedulerFactory - [instantiate,1374] - Quartz scheduler 'quartzScheduler' initialized from an externally provided properties instance.
13:31:07.516 [restartedMain] INFO  o.q.i.StdSchedulerFactory - [instantiate,1378] - Quartz scheduler version: 2.3.2
13:31:07.516 [restartedMain] INFO  o.q.c.QuartzScheduler - [setJobFactory,2293] - JobFactory set to: org.springframework.scheduling.quartz.SpringBeanJobFactory@429af1b
13:31:07.564 [restartedMain] INFO  o.a.c.h.Http11NioProtocol - [log,173] - Starting ProtocolHandler ["http-nio-9231"]
13:31:07.579 [restartedMain] INFO  s.d.s.w.p.DocumentationPluginsBootstrapper - [start,160] - Context refreshed
13:31:07.595 [restartedMain] INFO  s.d.s.w.p.DocumentationPluginsBootstrapper - [start,163] - Found 1 custom documentation plugin(s)
13:31:07.611 [restartedMain] INFO  s.d.s.w.s.ApiListingReferenceScanner - [scan,41] - Scanning for api listing references
13:31:07.720 [restartedMain] INFO  s.d.s.w.r.o.CachingOperationNameGenerator - [startingWith,40] - Generating unique operation named: findCinemaByIdUsingGET_1
13:31:07.767 [restartedMain] INFO  o.q.c.QuartzScheduler - [start,547] - Scheduler quartzScheduler_$_NON_CLUSTERED started.
13:31:07.776 [restartedMain] INFO  c.r.c.CinemaManagerApplication - [logStarted,61] - Started CinemaManagerApplication in 2.817 seconds (JVM running for 3.657)
13:33:28.986 [http-nio-9231-exec-1] INFO  o.a.c.c.C.[.[.[/] - [log,173] - Initializing Spring DispatcherServlet 'dispatcherServlet'
15:58:14.673 [http-nio-9231-exec-5] INFO  c.r.c.c.u.JwtUtil - [verify,41] - 登录验证成功!
15:58:14.835 [http-nio-9231-exec-8] INFO  c.r.c.c.u.JwtUtil - [verify,41] - 登录验证成功!
15:58:18.002 [http-nio-9231-exec-1] INFO  c.r.c.c.u.JwtUtil - [verify,41] - 登录验证成功!
15:58:20.999 [http-nio-9231-exec-9] INFO  c.r.c.c.u.JwtUtil - [verify,41] - 登录验证成功!
15:59:36.507 [http-nio-9231-exec-3] INFO  c.r.c.c.u.JwtUtil - [verify,41] - 登录验证成功!
15:59:48.385 [http-nio-9231-exec-7] INFO  c.r.c.c.u.JwtUtil - [verify,41] - 登录验证成功!
16:00:07.752 [http-nio-9231-exec-10] INFO  c.r.c.c.u.JwtUtil - [verify,41] - 登录验证成功!
16:00:07.752 [http-nio-9231-exec-4] INFO  c.r.c.c.u.JwtUtil - [verify,41] - 登录验证成功!
16:00:40.221 [http-nio-9231-exec-6] INFO  c.r.c.c.u.JwtUtil - [verify,41] - 登录验证成功!
16:00:40.257 [http-nio-9231-exec-7] INFO  c.r.c.c.u.JwtUtil - [verify,41] - 登录验证成功!
16:00:40.299 [http-nio-9231-exec-8] INFO  c.r.c.c.u.JwtUtil - [verify,41] - 登录验证成功!
16:02:12.536 [http-nio-9231-exec-6] INFO  c.r.c.c.u.JwtUtil - [verify,41] - 登录验证成功!
16:02:12.587 [http-nio-9231-exec-5] INFO  c.r.c.c.u.JwtUtil - [verify,41] - 登录验证成功!
16:02:21.267 [http-nio-9231-exec-1] INFO  c.r.c.c.u.JwtUtil - [verify,41] - 登录验证成功!
16:02:22.402 [http-nio-9231-exec-9] INFO  c.r.c.c.u.JwtUtil - [verify,41] - 登录验证成功!
16:02:38.275 [http-nio-9231-exec-1] INFO  c.r.c.c.u.JwtUtil - [verify,41] - 登录验证成功!
16:12:55.232 [SpringContextShutdownHook] INFO  o.q.c.QuartzScheduler - [standby,585] - Scheduler quartzScheduler_$_NON_CLUSTERED paused.
16:12:55.293 [SpringContextShutdownHook] INFO  o.q.c.QuartzScheduler - [shutdown,666] - Scheduler quartzScheduler_$_NON_CLUSTERED shutting down.
16:12:55.293 [SpringContextShutdownHook] INFO  o.q.c.QuartzScheduler - [standby,585] - Scheduler quartzScheduler_$_NON_CLUSTERED paused.
16:12:55.293 [SpringContextShutdownHook] INFO  o.q.c.QuartzScheduler - [shutdown,740] - Scheduler quartzScheduler_$_NON_CLUSTERED shutdown complete.
16:12:55.297 [SpringContextShutdownHook] INFO  c.a.d.p.DruidDataSource - [close,2032] - {dataSource-1} closing ...
16:12:55.300 [SpringContextShutdownHook] INFO  c.a.d.p.DruidDataSource - [close,2104] - {dataSource-1} closed
